-------------------------------------------------------------------------------
Test set: com.sigomei.RN01Test
-------------------------------------------------------------------------------
Tests run: 1, Failures: 1, Errors: 0, Skipped: 0, Time elapsed: 0.026 s <<< FAILURE! -- in com.sigomei.RN01Test
com.sigomei.RN01Test.debeFallarRN01 -- Time elapsed: 0.016 s <<< FAILURE!
org.opentest4j.AssertionFailedError: Unexpected exception thrown: java.lang.UnsupportedOperationException: No implementado
	at org.junit.jupiter.api.AssertionFailureBuilder.build(AssertionFailureBuilder.java:152)
	at org.junit.jupiter.api.AssertDoesNotThrow.createAssertionFailedError(AssertDoesNotThrow.java:84)
	at org.junit.jupiter.api.AssertDoesNotThrow.assertDoesNotThrow(AssertDoesNotThrow.java:53)
	at org.junit.jupiter.api.AssertDoesNotThrow.assertDoesNotThrow(AssertDoesNotThrow.java:36)
	at org.junit.jupiter.api.Assertions.assertDoesNotThrow(Assertions.java:3168)
	at com.sigomei.RN01Test.debeFallarRN01(RN01Test.java:16)
	at java.base/java.lang.reflect.Method.invoke(Method.java:565)
	at java.base/java.util.ArrayList.forEach(ArrayList.java:1604)
	at java.base/java.util.ArrayList.forEach(ArrayList.java:1604)
Caused by: java.lang.UnsupportedOperationException: No implementado
	at com.sigomei.service.impl.OrdenServiceImpl.registrarOrden(OrdenServiceImpl.java:12)
	at com.sigomei.RN01Test.lambda$debeFallarRN01$0(RN01Test.java:18)
	at org.junit.jupiter.api.AssertDoesNotThrow.assertDoesNotThrow(AssertDoesNotThrow.java:49)
	... 6 more

