-------------------------------------------------------------------------------
Test set: com.sigomei.RN01Test
-------------------------------------------------------------------------------
Tests run: 2, Failures: 2, Errors: 0, Skipped: 0, Time elapsed: 0.103 s <<< FAILURE! -- in com.sigomei.RN01Test
com.sigomei.RN01Test.debePermitirOrdenCuandoEspecialidadEsCompatible -- Time elapsed: 0.043 s <<< FAILURE!
org.opentest4j.AssertionFailedError: Unexpected exception thrown: java.lang.UnsupportedOperationException: No implementado
	at org.junit.jupiter.api.AssertionFailureBuilder.build(AssertionFailureBuilder.java:152)
	at org.junit.jupiter.api.AssertDoesNotThrow.createAssertionFailedError(AssertDoesNotThrow.java:84)
	at org.junit.jupiter.api.AssertDoesNotThrow.assertDoesNotThrow(AssertDoesNotThrow.java:53)
	at org.junit.jupiter.api.AssertDoesNotThrow.assertDoesNotThrow(AssertDoesNotThrow.java:36)
	at org.junit.jupiter.api.Assertions.assertDoesNotThrow(Assertions.java:3168)
	at com.sigomei.RN01Test.debePermitirOrdenCuandoEspecialidadEsCompatible(RN01Test.java:46)
	at java.base/java.lang.reflect.Method.invoke(Method.java:580)
	at java.base/java.util.ArrayList.forEach(ArrayList.java:1597)
	at java.base/java.util.ArrayList.forEach(ArrayList.java:1597)
Caused by: java.lang.UnsupportedOperationException: No implementado
	at com.sigomei.service.impl.OrdenServiceImpl.registrarOrden(OrdenServiceImpl.java:35)
	at com.sigomei.RN01Test.lambda$0(RN01Test.java:46)
	at org.junit.jupiter.api.AssertDoesNotThrow.assertDoesNotThrow(AssertDoesNotThrow.java:49)
	... 6 more

com.sigomei.RN01Test.debeLanzarExcepcionCuandoEspecialidadEsIncompatible -- Time elapsed: 0.005 s <<< FAILURE!
org.opentest4j.AssertionFailedError: Unexpected exception type thrown, expected: <com.sigomei.exception.BusinessException> but was: <java.lang.UnsupportedOperationException>
	at org.junit.jupiter.api.AssertionFailureBuilder.build(AssertionFailureBuilder.java:151)
	at org.junit.jupiter.api.AssertThrows.assertThrows(AssertThrows.java:67)
	at org.junit.jupiter.api.AssertThrows.assertThrows(AssertThrows.java:35)
	at org.junit.jupiter.api.Assertions.assertThrows(Assertions.java:3115)
	at com.sigomei.RN01Test.debeLanzarExcepcionCuandoEspecialidadEsIncompatible(RN01Test.java:60)
	at java.base/java.lang.reflect.Method.invoke(Method.java:580)
	at java.base/java.util.ArrayList.forEach(ArrayList.java:1597)
	at java.base/java.util.ArrayList.forEach(ArrayList.java:1597)
Caused by: java.lang.UnsupportedOperationException: No implementado
	at com.sigomei.service.impl.OrdenServiceImpl.registrarOrden(OrdenServiceImpl.java:35)
	at com.sigomei.RN01Test.lambda$1(RN01Test.java:60)
	at org.junit.jupiter.api.AssertThrows.assertThrows(AssertThrows.java:53)
	... 6 more

