<?xml version="1.0" encoding="UTF-8"?>
<testsuite xmlns:xsi="http://www.w3.org/2001/XMLSchema-instance" xsi:noNamespaceSchemaLocation="https://maven.apache.org/surefire/maven-surefire-plugin/xsd/surefire-test-report-3.0.xsd" version="3.0" name="com.sigomei.RN01Test" time="0.103" tests="2" errors="0" skipped="0" failures="2">
  <properties>
[...]
</properties>
  <testcase name="debePermitirOrdenCuandoEspecialidadEsCompatible" classname="com.sigomei.RN01Test" time="0.043">
    <failure message="Unexpected exception thrown: java.lang.UnsupportedOperationException: No implementado" type="org.opentest4j.AssertionFailedError"><![CDATA[org.opentest4j.AssertionFailedError: Unexpected exception thrown: java.lang.UnsupportedOperationException: No implementado
	at org.junit.jupiter.api.AssertionFailureBuilder.build(AssertionFailureBuilder.java:152)
	at org.junit.jupiter.api.AssertDoesNotThrow.createAssertionFailedError(AssertDoesNotThrow.java:84)
	at org.junit.jupiter.api.AssertDoesNotThrow.assertDoesNotThrow(AssertDoesNotThrow.java:53)
	at org.junit.jupiter.api.AssertDoesNotThrow.assertDoesNotThrow(AssertDoesNotThrow.java:36)
	at org.junit.jupiter.api.Assertions.assertDoesNotThrow(Assertions.java:3168)
	at com.sigomei.RN01Test.debePermitirOrdenCuandoEspecialidadEsCompatible(RN01Test.java:46)
	at java.base/java.lang.reflect.Method.invoke(Method.java:580)
	at java.base/java.util.ArrayList.forEach(ArrayList.java:1597)
	at java.base/java.util.ArrayList.forEach(ArrayList.java:1597)
Caused by: java.lang.UnsupportedOperationException: No implementado
	at com.sigomei.service.impl.OrdenServiceImpl.registrarOrden(OrdenServiceImpl.java:35)
	at com.sigomei.RN01Test.lambda$0(RN01Test.java:46)
	at org.junit.jupiter.api.AssertDoesNotThrow.assertDoesNotThrow(AssertDoesNotThrow.java:49)
	... 6 more
]]></failure>
  </testcase>
  <testcase name="debeLanzarExcepcionCuandoEspecialidadEsIncompatible" classname="com.sigomei.RN01Test" time="0.005">
    <failure message="Unexpected exception type thrown, expected: &lt;com.sigomei.exception.BusinessException&gt; but was: &lt;java.lang.UnsupportedOperationException&gt;" type="org.opentest4j.AssertionFailedError"><![CDATA[org.opentest4j.AssertionFailedError: Unexpected exception type thrown, expected: <com.sigomei.exception.BusinessException> but was: <java.lang.UnsupportedOperationException>
	at org.junit.jupiter.api.AssertionFailureBuilder.build(AssertionFailureBuilder.java:151)
	at org.junit.jupiter.api.AssertThrows.assertThrows(AssertThrows.java:67)
	at org.junit.jupiter.api.AssertThrows.assertThrows(AssertThrows.java:35)
	at org.junit.jupiter.api.Assertions.assertThrows(Assertions.java:3115)
	at com.sigomei.RN01Test.debeLanzarExcepcionCuandoEspecialidadEsIncompatible(RN01Test.java:60)
	at java.base/java.lang.reflect.Method.invoke(Method.java:580)
	at java.base/java.util.ArrayList.forEach(ArrayList.java:1597)
	at java.base/java.util.ArrayList.forEach(ArrayList.java:1597)
Caused by: java.lang.UnsupportedOperationException: No implementado
	at com.sigomei.service.impl.OrdenServiceImpl.registrarOrden(OrdenServiceImpl.java:35)
	at com.sigomei.RN01Test.lambda$1(RN01Test.java:60)
	at org.junit.jupiter.api.AssertThrows.assertThrows(AssertThrows.java:53)
	... 6 more
]]></failure>
  </testcase>
</testsuite>